<?xml version="1.0" encoding="UTF-8"?>
<testng-results skipped="0" failed="1" ignored="0" total="1" passed="0">
  <reporter-output>
  </reporter-output>
  <suite name="Default suite" duration-ms="78" started-at="2019-08-20T08:50:56Z" finished-at="2019-08-20T08:50:56Z">
    <groups>
    </groups>
    <test name="Default test" duration-ms="78" started-at="2019-08-20T08:50:56Z" finished-at="2019-08-20T08:50:56Z">
      <class name="Pavantools.AlertPopup">
        <test-method status="FAIL" signature="Navigate_forward_back()[pri:0, instance:Pavantools.AlertPopup@149494d8]" name="Navigate_forward_back" duration-ms="47" started-at="2019-08-20T08:50:56Z" finished-at="2019-08-20T08:50:56Z">
          <exception class="java.lang.IllegalStateException">
            <message>
              <![CDATA[The driver executable does not exist: C:\Users\sravanakumarr_b\Desktop\Softwares\Selenium\Selenium\Drivers\chromedriver.exe]]>
            </message>
            <full-stacktrace>
              <![CDATA[java.lang.IllegalStateException: The driver executable does not exist: C:\Users\sravanakumarr_b\Desktop\Softwares\Selenium\Selenium\Drivers\chromedriver.exe
at com.google.common.base.Preconditions.checkState(Preconditions.java:197)
at org.openqa.selenium.remote.service.DriverService.checkExecutable(DriverService.java:121)
at org.openqa.selenium.remote.service.DriverService.findExecutable(DriverService.java:116)
at org.openqa.selenium.chrome.ChromeDriverService.access$000(ChromeDriverService.java:32)
at org.openqa.selenium.chrome.ChromeDriverService$Builder.findDefaultExecutable(ChromeDriverService.java:137)
at org.openqa.selenium.remote.service.DriverService$Builder.build(DriverService.java:296)
at org.openqa.selenium.chrome.ChromeDriverService.createDefaultService(ChromeDriverService.java:88)
at org.openqa.selenium.chrome.ChromeDriver.<init>(ChromeDriver.java:116)
at Pavantools.AlertPopup.Navigate_forward_back(AlertPopup.java:27)
at sun.reflect.NativeMethodAccessorImpl.invoke0(Native Method)
at sun.reflect.NativeMethodAccessorImpl.invoke(NativeMethodAccessorImpl.java:62)
at sun.reflect.DelegatingMethodAccessorImpl.invoke(DelegatingMethodAccessorImpl.java:43)
at java.lang.reflect.Method.invoke(Method.java:498)
at org.testng.internal.MethodInvocationHelper.invokeMethod(MethodInvocationHelper.java:124)
at org.testng.internal.Invoker.invokeMethod(Invoker.java:583)
at org.testng.internal.Invoker.invokeTestMethod(Invoker.java:719)
at org.testng.internal.Invoker.invokeTestMethods(Invoker.java:989)
at org.testng.internal.TestMethodWorker.invokeTestMethods(TestMethodWorker.java:125)
at org.testng.internal.TestMethodWorker.run(TestMethodWorker.java:109)
at org.testng.TestRunner.privateRun(TestRunner.java:648)
at org.testng.TestRunner.run(TestRunner.java:505)
at org.testng.SuiteRunner.runTest(SuiteRunner.java:455)
at org.testng.SuiteRunner.runSequentially(SuiteRunner.java:450)
at org.testng.SuiteRunner.privateRun(SuiteRunner.java:415)
at org.testng.SuiteRunner.run(SuiteRunner.java:364)
at org.testng.SuiteRunnerWorker.runSuite(SuiteRunnerWorker.java:52)
at org.testng.SuiteRunnerWorker.run(SuiteRunnerWorker.java:84)
at org.testng.TestNG.runSuitesSequentially(TestNG.java:1208)
at org.testng.TestNG.runSuitesLocally(TestNG.java:1137)
at org.testng.TestNG.runSuites(TestNG.java:1049)
at org.testng.TestNG.run(TestNG.java:1017)
at org.testng.remote.AbstractRemoteTestNG.run(AbstractRemoteTestNG.java:115)
at org.testng.remote.RemoteTestNG.initAndRun(RemoteTestNG.java:251)
at org.testng.remote.RemoteTestNG.main(RemoteTestNG.java:77)
]]>
            </full-stacktrace>
          </exception> <!-- java.lang.IllegalStateException -->
          <reporter-output>
          </reporter-output>
        </test-method> <!-- Navigate_forward_back -->
      </class> <!-- Pavantools.AlertPopup -->
    </test> <!-- Default test -->
  </suite> <!-- Default suite -->
</testng-results>
