<?xml version="1.0" encoding="UTF-8"?>
<!-- Generated by org.testng.reporters.JUnitXMLReporter -->
<testsuite hostname="BGD120322" ignored="0" name="Test" tests="4" failures="0" timestamp="30 May 2019 09:22:31 GMT" time="0.106" errors="0">
  <testcase name="m1" time="0.01" classname="TestNGPractice2.Tc1"/>
  <testcase name="m2" time="0.003" classname="TestNGPractice2.Tc1"/>
  <testcase name="m3" time="0.003" classname="TestNGPractice2.Tc2"/>
  <testcase name="m4" time="0.002" classname="TestNGPractice2.Tc2"/>
</testsuite> <!-- Test -->
