<?xml version="1.0" encoding="UTF-8"?>
<!-- Generated by org.testng.reporters.JUnitXMLReporter -->
<testsuite hostname="BGD120322" name="login test" tests="1" failures="1" timestamp="3 Jun 2019 12:05:55 GMT" time="14.905" errors="0">
  <testcase name="loginTest" time="4.482" classname="Reports.Logintest">
    <failure type="java.lang.AssertionError" message="expected [asdfasfdasfd] but found [Log in to Facebook | Facebook]">
      <![CDATA[java.lang.AssertionError: expected [asdfasfdasfd] but found [Log in to Facebook | Facebook]
	at Reports.Logintest.loginTest(Logintest.java:42)
... Removed 30 stack frames]]>
    </failure>
  </testcase> <!-- loginTest -->
</testsuite> <!-- login test -->
