<?xml version="1.0" encoding="UTF-8"?>
<!-- Generated by org.testng.reporters.JUnitXMLReporter -->
<testsuite hostname="BGD120322" ignored="0" name="chrome browser test" tests="4" failures="0" timestamp="30 May 2019 14:41:45 GMT" time="10.673" errors="0">
  <testcase name="lunchTheBrowser" time="8.208" classname="TestNGParameterization.CrossBrowserTesting"/>
  <testcase name="verifyTheTitle" time="0.002" classname="TestNGParameterization.CrossBrowserTesting"/>
  <testcase name="registration" time="0.005" classname="TestNGParameterization.CrossBrowserTesting"/>
  <testcase name="closeBrowser" time="2.387" classname="TestNGParameterization.CrossBrowserTesting"/>
</testsuite> <!-- chrome browser test -->
