<?xml version="1.0" encoding="UTF-8"?>
<!-- Generated by org.testng.reporters.JUnitXMLReporter -->
<testsuite hostname="BGD120322" ignored="0" name="cross browser test" tests="4" failures="0" timestamp="30 May 2019 14:28:44 GMT" time="15.657" errors="0">
  <testcase name="lunchTheBrowser" time="12.502" classname="TestNGParameterization.CrossBrowserTesting"/>
  <testcase name="verifyTheTitle" time="0.016" classname="TestNGParameterization.CrossBrowserTesting"/>
  <testcase name="registration" time="0.0" classname="TestNGParameterization.CrossBrowserTesting"/>
  <testcase name="closeBrowser" time="3.079" classname="TestNGParameterization.CrossBrowserTesting"/>
</testsuite> <!-- cross browser test -->
