<?xml version="1.0" encoding="UTF-8"?>
<!-- Generated by org.testng.reporters.JUnitXMLReporter -->
<testsuite hostname="BGD120322" ignored="0" name="firefox browser test" tests="4" failures="0" timestamp="30 May 2019 14:41:54 GMT" time="19.541" errors="0">
  <testcase name="lunchTheBrowser" time="16.54" classname="TestNGParameterization.CrossBrowserTesting"/>
  <testcase name="verifyTheTitle" time="0.0" classname="TestNGParameterization.CrossBrowserTesting"/>
  <testcase name="registration" time="0.0" classname="TestNGParameterization.CrossBrowserTesting"/>
  <testcase name="closeBrowser" time="2.936" classname="TestNGParameterization.CrossBrowserTesting"/>
</testsuite> <!-- firefox browser test -->
