<?xml version="1.0" encoding="UTF-8"?>
<!-- Generated by org.testng.reporters.JUnitXMLReporter -->
<testsuite hostname="BGD120322" ignored="0" name="IE browser test" tests="4" failures="0" timestamp="30 May 2019 14:41:39 GMT" time="4.64" errors="0">
  <testcase name="lunchTheBrowser" time="4.546" classname="TestNGParameterization.CrossBrowserTesting"/>
  <testcase name="verifyTheTitle" time="0.003" classname="TestNGParameterization.CrossBrowserTesting"/>
  <testcase name="registration" time="0.003" classname="TestNGParameterization.CrossBrowserTesting"/>
  <testcase name="closeBrowser" time="0.018" classname="TestNGParameterization.CrossBrowserTesting"/>
</testsuite> <!-- IE browser test -->
