<?xml version="1.0" encoding="UTF-8"?>
<!-- Generated by org.testng.reporters.JUnitXMLReporter -->
<testsuite hostname="BGD120322" ignored="0" name="testnglistnertest" tests="3" failures="1" timestamp="31 May 2019 11:40:37 GMT" time="0.108" errors="0">
  <testcase name="setUp" time="0.027" classname="TestNGListeners.LoginTest">
    <failure type="java.lang.AssertionError" message="expected [true] but found [false]">
      <![CDATA[java.lang.AssertionError: expected [true] but found [false]
at TestNGListeners.LoginTest.setUp(LoginTest.java:11)
... Removed 29 stack frames]]>
    </failure>
  </testcase> <!-- setUp -->
  <testcase name="loginByGmail" time="0.006" classname="TestNGListeners.LoginTest"/>
  <testcase name="loginByFacebook" time="0.0" classname="TestNGListeners.LoginTest">
    <skipped/>
  </testcase> <!-- loginByFacebook -->
</testsuite> <!-- testnglistnertest -->
